<?xml version="1.0" encoding="UTF-8" ?>
<testsuite failures="0" time="1.442" errors="0" skipped="0" tests="2" name="pl.touk.smx4.examples.route.RouterTest">
  <properties>
    <property name="java.runtime.name" value="Java(TM) SE Runtime Environment"/>
    <property name="sun.boot.library.path" value="/usr/lib/jvm/java-6-sun-1.6.0.16/jre/lib/i386"/>
    <property name="java.vm.version" value="14.2-b01"/>
    <property name="java.vm.vendor" value="Sun Microsystems Inc."/>
    <property name="java.vendor.url" value="http://java.sun.com/"/>
    <property name="path.separator" value=":"/>
    <property name="java.vm.name" value="Java HotSpot(TM) Server VM"/>
    <property name="file.encoding.pkg" value="sun.io"/>
    <property name="user.country" value="US"/>
    <property name="sun.java.launcher" value="SUN_STANDARD"/>
    <property name="sun.os.patch.level" value="unknown"/>
    <property name="java.vm.specification.name" value="Java Virtual Machine Specification"/>
    <property name="user.dir" value="/home/mproch/presentation/Route-2"/>
    <property name="java.runtime.version" value="1.6.0_16-b01"/>
    <property name="java.awt.graphicsenv" value="sun.awt.X11GraphicsEnvironment"/>
    <property name="basedir" value="/home/mproch/presentation/Route-2"/>
    <property name="java.endorsed.dirs" value="/usr/lib/jvm/java-6-sun-1.6.0.16/jre/lib/endorsed"/>
    <property name="os.arch" value="i386"/>
    <property name="surefire.real.class.path" value="/tmp/surefirebooter4428712736591852563.jar"/>
    <property name="java.io.tmpdir" value="/tmp"/>
    <property name="line.separator" value="
"/>
    <property name="java.vm.specification.vendor" value="Sun Microsystems Inc."/>
    <property name="os.name" value="Linux"/>
    <property name="sun.jnu.encoding" value="UTF-8"/>
    <property name="java.library.path" value="/usr/lib/jvm/java-6-sun-1.6.0.16/jre/lib/i386/server:/usr/lib/jvm/java-6-sun-1.6.0.16/jre/lib/i386:/usr/lib/jvm/java-6-sun-1.6.0.16/jre/../lib/i386:/usr/java/packages/lib/i386:/lib:/usr/lib"/>
    <property name="surefire.test.class.path" value="/home/mproch/presentation/Route-2/target/test-classes:/home/mproch/presentation/Route-2/target/classes:/home/mproch/.m2/repository/commons-logging/commons-logging/1.1.1/commons-logging-1.1.1.jar:/home/mproch/.m2/repository/org/apache/camel/camel-spring/2.0.0/camel-spring-2.0.0.jar:/home/mproch/.m2/repository/org/apache/camel/camel-core/2.0.0/camel-core-2.0.0.jar:/home/mproch/.m2/repository/commons-logging/commons-logging-api/1.1/commons-logging-api-1.1.jar:/home/mproch/.m2/repository/org/springframework/spring-core/2.5.6/spring-core-2.5.6.jar:/home/mproch/.m2/repository/org/springframework/spring-context/2.5.6/spring-context-2.5.6.jar:/home/mproch/.m2/repository/aopalliance/aopalliance/1.0/aopalliance-1.0.jar:/home/mproch/.m2/repository/org/springframework/spring-beans/2.5.6/spring-beans-2.5.6.jar:/home/mproch/.m2/repository/org/springframework/spring-tx/2.5.6/spring-tx-2.5.6.jar:/home/mproch/.m2/repository/org/springframework/spring-aop/2.5.6/spring-aop-2.5.6.jar:/home/mproch/.m2/repository/org/apache/camel/camel-test/2.0.0/camel-test-2.0.0.jar:/home/mproch/.m2/repository/junit/junit/4.6/junit-4.6.jar:/home/mproch/.m2/repository/javax/xml/bind/jaxb-api/2.1/jaxb-api-2.1.jar:/home/mproch/.m2/repository/javax/xml/stream/stax-api/1.0-2/stax-api-1.0-2.jar:/home/mproch/.m2/repository/javax/activation/activation/1.1/activation-1.1.jar:/home/mproch/.m2/repository/pl/touk/smx4/examples/service/1.0/service-1.0.jar:"/>
    <property name="java.specification.name" value="Java Platform API Specification"/>
    <property name="java.class.version" value="50.0"/>
    <property name="sun.management.compiler" value="HotSpot Tiered Compilers"/>
    <property name="os.version" value="2.6.28-16-generic"/>
    <property name="user.home" value="/home/mproch"/>
    <property name="user.timezone" value="Poland"/>
    <property name="java.awt.printerjob" value="sun.print.PSPrinterJob"/>
    <property name="file.encoding" value="UTF-8"/>
    <property name="java.specification.version" value="1.6"/>
    <property name="user.name" value="mproch"/>
    <property name="java.class.path" value="/home/mproch/presentation/Route-2/target/test-classes:/home/mproch/presentation/Route-2/target/classes:/home/mproch/.m2/repository/commons-logging/commons-logging/1.1.1/commons-logging-1.1.1.jar:/home/mproch/.m2/repository/org/apache/camel/camel-spring/2.0.0/camel-spring-2.0.0.jar:/home/mproch/.m2/repository/org/apache/camel/camel-core/2.0.0/camel-core-2.0.0.jar:/home/mproch/.m2/repository/commons-logging/commons-logging-api/1.1/commons-logging-api-1.1.jar:/home/mproch/.m2/repository/org/springframework/spring-core/2.5.6/spring-core-2.5.6.jar:/home/mproch/.m2/repository/org/springframework/spring-context/2.5.6/spring-context-2.5.6.jar:/home/mproch/.m2/repository/aopalliance/aopalliance/1.0/aopalliance-1.0.jar:/home/mproch/.m2/repository/org/springframework/spring-beans/2.5.6/spring-beans-2.5.6.jar:/home/mproch/.m2/repository/org/springframework/spring-tx/2.5.6/spring-tx-2.5.6.jar:/home/mproch/.m2/repository/org/springframework/spring-aop/2.5.6/spring-aop-2.5.6.jar:/home/mproch/.m2/repository/org/apache/camel/camel-test/2.0.0/camel-test-2.0.0.jar:/home/mproch/.m2/repository/junit/junit/4.6/junit-4.6.jar:/home/mproch/.m2/repository/javax/xml/bind/jaxb-api/2.1/jaxb-api-2.1.jar:/home/mproch/.m2/repository/javax/xml/stream/stax-api/1.0-2/stax-api-1.0-2.jar:/home/mproch/.m2/repository/javax/activation/activation/1.1/activation-1.1.jar:/home/mproch/.m2/repository/pl/touk/smx4/examples/service/1.0/service-1.0.jar:"/>
    <property name="java.vm.specification.version" value="1.0"/>
    <property name="sun.arch.data.model" value="32"/>
    <property name="java.home" value="/usr/lib/jvm/java-6-sun-1.6.0.16/jre"/>
    <property name="java.specification.vendor" value="Sun Microsystems Inc."/>
    <property name="user.language" value="en"/>
    <property name="java.vm.info" value="mixed mode"/>
    <property name="java.version" value="1.6.0_16"/>
    <property name="java.ext.dirs" value="/usr/lib/jvm/java-6-sun-1.6.0.16/jre/lib/ext:/usr/java/packages/lib/ext"/>
    <property name="sun.boot.class.path" value="/usr/lib/jvm/java-6-sun-1.6.0.16/jre/lib/resources.jar:/usr/lib/jvm/java-6-sun-1.6.0.16/jre/lib/rt.jar:/usr/lib/jvm/java-6-sun-1.6.0.16/jre/lib/sunrsasign.jar:/usr/lib/jvm/java-6-sun-1.6.0.16/jre/lib/jsse.jar:/usr/lib/jvm/java-6-sun-1.6.0.16/jre/lib/jce.jar:/usr/lib/jvm/java-6-sun-1.6.0.16/jre/lib/charsets.jar:/usr/lib/jvm/java-6-sun-1.6.0.16/jre/classes"/>
    <property name="java.vendor" value="Sun Microsystems Inc."/>
    <property name="localRepository" value="/home/mproch/.m2/repository"/>
    <property name="file.separator" value="/"/>
    <property name="java.vendor.url.bug" value="http://java.sun.com/cgi-bin/bugreport.cgi"/>
    <property name="sun.cpu.endian" value="little"/>
    <property name="sun.io.unicode.encoding" value="UnicodeLittle"/>
    <property name="sun.desktop" value="gnome"/>
    <property name="sun.cpu.isalist" value=""/>
  </properties>
  <testcase time="1.093" classname="pl.touk.smx4.examples.route.RouterTest" name="testOdd"/>
  <testcase time="0.324" classname="pl.touk.smx4.examples.route.RouterTest" name="testEven"/>
</testsuite>